* using log directory ‘/Users/sean/Desktop/impulse/..Rcheck’
* using R version 3.5.1 (2018-07-02)
* using platform: x86_64-apple-darwin15.6.0 (64-bit)
* using session charset: UTF-8
* checking for file ‘./DESCRIPTION’ ... OK
* this is package ‘impulse’ version ‘1.0.1’
* package encoding: UTF-8
* checking package namespace information ... OK
* checking package dependencies ... OK
* checking if this is a source package ... OK
* checking if there is a namespace ... OK
* checking for executable files ... WARNING
Found the following executable files:
  .git/objects/00/60652465c3a3b4873bd410f0c0405cb01971f7
  .git/objects/00/639cd58574fffe50e84dfebc057c6ee0b4cb51
  .git/objects/01/2c03aab089d1d9ecf78da14518ca5aa442bb53
  .git/objects/03/ce59ad68e68ebddbda035ece876c83702e1a1b
  .git/objects/05/b40668a76dc96e5a86d3c66f6278420e481aeb
  .git/objects/07/c9e78c3723b425efeb7eb0f033de66c3376a54
  .git/objects/09/7b241637da023174b0f2e3715bd0291d9ded37
  .git/objects/09/e744337117c12d8d522ed4445ea507e4de3093
  .git/objects/10/d737ecd4fbb0d747a64a34e6a3b1e607796958
  .git/objects/11/2722b9ad0341d4493c92e4c89373e979bfd57f
  .git/objects/12/db0a57b5f6a815694976c9c3bac216a7a647af
  .git/objects/13/f99f4fa7af29abe6e407a66034069b2ad0e44b
  .git/objects/17/1d3950533b69524e2fad98690bfad44bae44db
  .git/objects/17/7597ff615a1fd45f6eca66fd4a679d5247e09a
  .git/objects/17/e2cbdf6bd1fa020506bcc3596c0fe43f0c1aeb
  .git/objects/18/32c28f2f8c65bc356a3e5300822aff96294b16
  .git/objects/18/ce176350536779f45b5d8e7c6b4c48e142c16a
  .git/objects/1a/7324aa50f6257a3fb4ef890998cb42fd23984c
  .git/objects/1a/bf5833f19ec46b836323399b9ac5d1626080b1
  .git/objects/1c/5c736478c8a114f57aaf3f9e01ad001f2500ef
  .git/objects/1d/16b813404b5bda5095348a5797873df5a10e02
  .git/objects/1e/263d90fdc7cf998e08f8863010c47c36f1e3e6
  .git/objects/21/30451838ba4db1cfeb9b3b566319b9197d3db3
  .git/objects/25/34b541201740d1ce834c4279e5d02079f0ee8a
  .git/objects/27/37bda69f7d00925da9036d0a9d74beb4b3beb3
  .git/objects/29/b4e5ad90442df3500527e00910b2484555e850
  .git/objects/2a/4ebc75232556fd5afd1488fa504158b355af90
  .git/objects/2a/66cc7f122b591f733e1290c130163c76d4eb66
  .git/objects/2a/f5bc211688ce526cea4b998c579bcd429bf40d
  .git/objects/2c/3ca41355368b414ba5d5c321b17b8327f3b296
  .git/objects/2c/c17bebbfcbe76be5f642071f4d4c1a398d2396
  .git/objects/2c/ccbb534b78c451abdd94722aaf9e3fa77a3d61
  .git/objects/2c/f7681943b44cb2674ef18d583ab93fa3457139
  .git/objects/2d/4088f5726f06d54d845eb55c73b4fc6a52d6f3
  .git/objects/2d/91d75173713774099ba8eb0de7684d04eff914
  .git/objects/2f/0aed5f016101b0592ccc22b57c7e283280c910
  .git/objects/30/1d59044e6cbe8ffc02a835d351c7b2bc52c53d
  .git/objects/30/e02be1a85ca418689078d43ae19e2d26b7ab42
  .git/objects/33/6e8498e83ad1337414bbd026f8009e93eae318
  .git/objects/36/ff91d146570d0cf699eda8bdbf62fe4396b1ba
  .git/objects/37/4c06bb769e21b33b9b3177b1823bd55a3dce96
  .git/objects/37/6d6022cf34e948c2955ef532dbdd4107425ce4
  .git/objects/39/7d1226a46b78168a3f23960c6fd01b60ce76a0
  .git/objects/39/a3d4f90b983ffd48bfeade90bcd9095e7a21c7
  .git/objects/39/e94fd918317b91c3490af93dca2e5966772cfd
  .git/objects/3a/9adc6b8e9cd4bc69f1906e4963b6f9b6bd95fb
  .git/objects/3a/f246040340f8b750c1ef90465dc453a6ee4216
  .git/objects/3b/3a8210ed2d7beead179b2c9f16cdff557a2c53
  .git/objects/3b/6c99328e6890fea18eb1cd63cf49add6246370
  .git/objects/3b/ac930012ca8631402f2b59fd0a1cee535b97a8
  .git/objects/3d/1042ff4add9a0ad7d3d50745358433fac2a946
  .git/objects/3d/3bf4c0ea9c0372ffaf0257a7ce8d9ff983a56a
  .git/objects/3d/5c648a1f6d7e1fc737532bb7c073ce7822b69b
  .git/objects/3e/5cc31d5321d2fbef476f91d67d0676aaf85854
  .git/objects/3e/6ab30ef5608ef2aea80f2384744720ad60b1eb
  .git/objects/40/f1141ea97f77dcbda5fc9cf02676177a0ff346
  .git/objects/42/316fc79cdca104495e4e0394002d7c554fade2
  .git/objects/42/9705c65a3ccfd833ef2a22d28132abf59f5ff6
  .git/objects/43/334efeb7d3bc6831f11678e0b8a0d0e0db9995
  .git/objects/44/32e5fe90978814ecee0bdc873234d54f1e31a2
  .git/objects/45/0f1a212141fb85fb78e41f1696d7775079794d
  .git/objects/45/dd65dfeb1d9176630434e8a703a88ff1e51ec5
  .git/objects/47/28faaad702555b8f20f8345fa263fc46640f9d
  .git/objects/4a/0da1fa775290a510825e38dd88be6fe71ca276
  .git/objects/4a/972ef7d0cf720ca378bd7f6e1373e40d87a467
  .git/objects/4a/b0f7358b64d9e85cd97c5defaaf78a32939797
  .git/objects/4b/d1962759db117b0709f3f01a082c961169f89d
  .git/objects/4f/095c2bcba6e2c0e5ae4a8021f376bd357b35f6
  .git/objects/50/4ed76f0813f9c353270f652bb8b97880cb15d0
  .git/objects/50/92b5bee2e746700eeeeeb8a1698bb05feb679d
  .git/objects/56/93446871dcde37d2e727f565e4cebcc580c039
  .git/objects/56/f44839b891f6080313fb7d1c59090d40d08164
  .git/objects/57/9107f184120b6f20fe935c27edc08f4504b811
  .git/objects/5b/c1889417804b2eb957f228ac7be9edc2026389
  .git/objects/5e/4ec9b3aa7dc60e3dc4a8d41f29927429caf554
  .git/objects/5f/08193558104e702fb03a2ca7547d52b4192c93
  .git/objects/61/dea475055b8840d94b73584a2bfde0974e2392
  .git/objects/63/0d20605fcc232986373b50e705347f616373d8
  .git/objects/65/c6f070f9d20e9ae7b5ea023910c6ff253e2c04
  .git/objects/67/51e237ee8a1bd57d2adbf04d5246845ed657d0
  .git/objects/69/090e2712888fc86521a5a342c23c63cb55fe7a
  .git/objects/69/dd419465c5868f90283440059839b24c8f622e
  .git/objects/6a/344b283ca72cb9b73a5a4ed7ef6a454a5a63fa
  .git/objects/6c/799149e05c36808f6500032e16651d57f7c6c4
  .git/objects/6e/94747d1ea02a74d87d26c5fd24d64740eb86e7
  .git/objects/6e/fc83a60ac0ea9fc5a5b5a477410b2a2ea50624
  .git/objects/72/b1cba2eab851e506e262043c157cc5d7183e0a
  .git/objects/72/b97a1407983a253fdb58e97749b0f20c90afae
  .git/objects/73/543c27993d32a8d1ce6845270a2322ccb27c13
  .git/objects/76/de467b2ba9dd47528c1de055aad378b35895d5
  .git/objects/79/ccf558b234587ee46292a59c27749b2800612a
  .git/objects/7c/9bf39c22a6b3df170885d8271a71e3997d9267
  .git/objects/7e/038f10e18481c40aaa2efd87a77b7830f6c8d0
  .git/objects/7e/b168f0a8253aa5af1fac8320292c8388749a68
  .git/objects/7f/3c194ae31e13b899f7ecc367a766f8b7247257
  .git/objects/80/43ab66a19a8d0003b5d27f5a07e5820852b8b0
  .git/objects/82/dad1af11cc053dbf9ce48724982895d4eff13b
  .git/objects/84/0449d4d515500446fb191e1c469c5b9c06c1ab
  .git/objects/87/a12cebc0ba043aa72a4d855b1269a4376537c4
  .git/objects/88/4a6312ae55caf2d5bac006d43fab89d8545080
  .git/objects/8a/138955af598c5e62606a8a2b799a34a8cc8c67
  .git/objects/8c/4f65976b712d355d716cecf6c3fb2b0ab7fa9c
  .git/objects/92/751c0c7a321e7c9d18da564e5568fe6a4db42c
  .git/objects/92/ec3eaef20f559341508da78106835d86185477
  .git/objects/94/3938fbf77f36851d14cfe427cf34d4786e67b8
  .git/objects/96/de826a871b57695f98cb7dead60469a4448fcd
  .git/objects/99/7e7a44d1ba0a7eaac2d5051e3730fe84822254
  .git/objects/9a/99bf61b5c914063e4a69bf8f51b4b2b691bf77
  .git/objects/9d/a7fe9405a2c14dc0e38e6138a035beb0accb1e
  .git/objects/9f/49bc7be5925895a3a99fb67cc830c87c33fb39
  .git/objects/a1/5ea79077563891e1c9374d5ffbf1f58e185e86
  .git/objects/a1/626fef2ff322c08e7a0b57741c8987c91e6a49
  .git/objects/a3/b51ee5b4de60a4e8486144020235e772ff0d10
  .git/objects/a4/76fb78e44477054e1719d113047342bc71fb43
  .git/objects/a4/9089bf0baab5e65bf1d703fd883e2be6a7807a
  .git/objects/a4/a3b385ff87c524da818a5d6005fcece9c823a2
  .git/objects/a5/2efc6462fb7dd63a3be4193d1e1d5258034097
  .git/objects/a5/8c2b460f2e51f17436d55aa7429e6aed543717
  .git/objects/a8/157b64b9554c9d0b61141e8e2f971fd0d1aedb
  .git/objects/a8/bb5d0dde3dcecebb664a9b08c71a559dc82249
  .git/objects/aa/ca0dea2188ca3d43a2dbfe75004529928daa41
  .git/objects/ab/ce85e2bc7a32ff22d73de2115689a401f779ff
  .git/objects/ae/a74e1e52ac0c0b33b7f2e359ef1c8bb4bd01a0
  .git/objects/b1/7a6c0dbdbd8d0d95c1b4d0c0c12f4ee0ec7aaa
  .git/objects/b3/121e729d4c289aca73d000b0fed111a8cdc1bc
  .git/objects/b4/c0ad3661f85cff4832fb115e9facf5dfd7d0ad
  .git/objects/b4/e3d6f9dbac830b98035b1548fd84ad666c931b
  .git/objects/b4/e7d1f63afc2f006bb00abfea606ba94be3d6da
  .git/objects/b5/ea27f9c0bbb10ba9ff4d973d4d8249f03195da
  .git/objects/b7/c06f902c7c7052b856fd71a2499c27f433f68a
  .git/objects/b8/d76ddf734d85cf48362ca5f3b030985cac9017
  .git/objects/b9/35b32ae016bdded2dfcff29b3c0a334eaa7650
  .git/objects/b9/64d3abf5b4964e09703aeadc7b848584925199
  .git/objects/b9/e908f350bfe414fe1c09d6e8d433798b82e0ba
  .git/objects/bd/c880cc0fd63ce92e7825d9b4bef9d8858463f8
  .git/objects/be/eae5ea2c8a5c39a19c83f442e003f41fff1824
  .git/objects/c1/c045f8698daf898c85b39694d9fc82c7348f72
  .git/objects/c1/d74e35a318be7b3206ffba0d514428d788cd2a
  .git/objects/c3/07e5588694f208449b7fd5b2a9b688cf5dadc9
  .git/objects/c5/2071dfac9bbe5fde12c14e7590e16acfcbda3f
  .git/objects/c5/809e0b3ead74fb75b674a41076ac26c26f373b
  .git/objects/c6/42fbf95cda2469dc56fc6bd25916333a30e502
  .git/objects/c7/7ba5c6b71a7f5944249c6e1391a850f21ce8ab
  .git/objects/c8/de1ed89199c72ceb0352783ed6793b13b5ada4
  .git/objects/c9/7e5ae27be2167311ee969a30b2ee2248e705ed
  .git/objects/c9/ec8f417e84328f95a4bc965423f9c66ff7c800
  .git/objects/ca/2b89c94095d9723d4663f4b885ca6b7837a9a2
  .git/objects/d0/a1c34eeaff12b9774168680ed86a87c3072464
  .git/objects/d3/7cfa5419b2c57d2180022c9a6e2a0cafc3dfe7
  .git/objects/d3/adb8ed8bf8cf268baf5b7af48ce1242f3553f3
  .git/objects/d5/abe4a80c57939a13eced9862c2acd736e31350
  .git/objects/d6/5bed8d060754f71e538489befe31452f03a8d4
  .git/objects/d7/467f5c606c13aa55331e78232ecca9b0e11093
  .git/objects/d7/6e893d250be6c87cfb139e7f7d7846426f2c20
  .git/objects/d8/9f00d9f9d5f110cc7001bdf1b91a36e169eca3
  .git/objects/d8/a21b5931f66777ef9921bab2fc707202398393
  .git/objects/d9/5ee34f99c3c6ee9de8a9c48d9d77bf49c16fde
  .git/objects/db/1e45885c1978d9fa762dc2ae17b587f6517f59
  .git/objects/dc/de9647dabc339f6f5a797198ce12d8ce543769
  .git/objects/dd/cc0b27511a56b798d9f36067c1e98c74637800
  .git/objects/df/7d08d3ccfeaf156608641bf0bb644d8ad5c228
  .git/objects/e0/80d488fbd2433b7334865de445edc778ac0421
  .git/objects/e2/9503f02ed6e5509f0e03ed5937f43a02082bbd
  .git/objects/e4/6f75b9d38fee03f66a006952cc4e5be0d8f6a5
  .git/objects/e5/910b92ed104e8a320b2bcb428dfc65f069026e
  .git/objects/e5/f1517dd1daa4158dfcec562bdc4f3d4f3b0d25
  .git/objects/e6/9de29bb2d1d6434b8b29ae775ad8c2e48c5391
  .git/objects/e9/334ee56b291ce19888e7d953fd670ce8e0786c
  .git/objects/e9/988b200b1f28843354c2d39fdc519e9bb60cf8
  .git/objects/e9/af7054d52ac376f4946247d175c7fd04cfbbaa
  .git/objects/e9/bd52acf422140f24129e6b68f4260552cbc29d
  .git/objects/e9/cad950a24206861bae8332127563c36ebfdd1c
  .git/objects/ea/0c910cd5efcf5ee1da089d9e00d5e3ca8a4785
  .git/objects/eb/040f9ca92e7474587640eff75d5644df5d353d
  .git/objects/eb/28aa7618c6dd7a256c3535633c121c3ef8d605
  .git/objects/eb/92e3dc091cbf974fa5eb8492c381adead9fa5b
  .git/objects/ef/3dbcc97d7758ce87a6e8a805f0921d0cb38c81
  .git/objects/f0/8dd41f3428772c91249e01c55b428d3ca781f4
  .git/objects/f0/e0a5922d4d337a8e42be22438aef5cc919172d
  .git/objects/f1/c53dd34ab08c7344945a1e0bc1d16d6ed96230
  .git/objects/f2/445a4920b49e38aa808f60541d906fbc45d7cb
  .git/objects/f2/a74d93007f5fac8869194fabcddfcc1a073766
  .git/objects/f3/b8fad4c793310a11cbfae2160f0bec14e8f972
  .git/objects/f3/df6b9f3b5be98e39acd0b6e1e74bbed3b618db
  .git/objects/f4/0c2c73c954c08227a98232177d1c4d488b417c
  .git/objects/f8/72d2aea555e31a350f617d5572098c731fc7b2
  .git/objects/fb/610b422e6afb207a92a2df8136b426466d8ebb
  .git/objects/fb/e4d5e6b286f8a1eb9c666adefeabd4ce8a2991
  .git/objects/fd/4c16ddb2ad658bb548603b6dba5f563783c0f0
  .git/objects/fd/db4e7e7d9ad98348ccb5ba21b5a627f6db8181
Source packages should not contain undeclared executable files.
See section ‘Package structure’ in the ‘Writing R Extensions’ manual.
* checking for hidden files and directories ... NOTE
Found the following hidden files and directories:
  .gitignore
  .travis.yml
  man/.DS_Store
  vignettes/.gitignore
  ..Rcheck
  .Rproj.user
  .git
These were most likely included in error. See section ‘Package
structure’ in the ‘Writing R Extensions’ manual.
* checking for portable file names ... OK
* checking for sufficient/correct file permissions ... OK
* checking whether package ‘impulse’ can be installed ... OK
* checking installed package size ... OK
* checking package directory ... OK
* checking DESCRIPTION meta-information ... NOTE
Checking should be performed on sources prepared by ‘R CMD build’.
* checking top-level files ... OK
* checking for left-over files ... OK
* checking index information ... OK
* checking package subdirectories ... WARNING
Found the following directory with the name of a check directory:
  ./..Rcheck
Most likely, these were included erroneously.
* checking R files for non-ASCII characters ... OK
* checking R files for syntax errors ... OK
* checking whether the package can be loaded ... ERROR
